<?xml version="1.0" encoding="UTF-8"?>
<testsuite xmlns:xsi="http://www.w3.org/2001/XMLSchema-instance" xsi:noNamespaceSchemaLocation="https://maven.apache.org/surefire/maven-surefire-plugin/xsd/surefire-test-report-3.0.xsd" version="3.0" name="ua.deti.tqs.lab3_2.CarRepositoryTest" time="4.833" tests="3" errors="0" skipped="0" failures="0">
  <properties>
    <property name="java.specification.version" value="17"/>
    <property name="sun.jnu.encoding" value="UTF-8"/>
    <property name="java.class.path" value="/home/liarc301/Desktop/TQS/TQS_107548/lab6/lab6_2/target/test-classes:/home/liarc301/Desktop/TQS/TQS_107548/lab6/lab6_2/target/classes:/home/liarc301/.m2/repository/org/springframework/boot/spring-boot-starter-data-jpa/3.3.0-SNAPSHOT/spring-boot-starter-data-jpa-3.3.0-SNAPSHOT.jar:/home/liarc301/.m2/repository/org/springframework/boot/spring-boot-starter-aop/3.3.0-SNAPSHOT/spring-boot-starter-aop-3.3.0-SNAPSHOT.jar:/home/liarc301/.m2/repository/org/springframework/spring-aop/6.1.5/spring-aop-6.1.5.jar:/home/liarc301/.m2/repository/org/aspectj/aspectjweaver/1.9.21/aspectjweaver-1.9.21.jar:/home/liarc301/.m2/repository/org/springframework/boot/spring-boot-starter-jdbc/3.3.0-SNAPSHOT/spring-boot-starter-jdbc-3.3.0-SNAPSHOT.jar:/home/liarc301/.m2/repository/com/zaxxer/HikariCP/5.1.0/HikariCP-5.1.0.jar:/home/liarc301/.m2/repository/org/springframework/spring-jdbc/6.1.5/spring-jdbc-6.1.5.jar:/home/liarc301/.m2/repository/org/hibernate/orm/hibernate-core/6.4.4.Final/hibernate-core-6.4.4.Final.jar:/home/liarc301/.m2/repository/jakarta/persistence/jakarta.persistence-api/3.1.0/jakarta.persistence-api-3.1.0.jar:/home/liarc301/.m2/repository/jakarta/transaction/jakarta.transaction-api/2.0.1/jakarta.transaction-api-2.0.1.jar:/home/liarc301/.m2/repository/org/jboss/logging/jboss-logging/3.5.3.Final/jboss-logging-3.5.3.Final.jar:/home/liarc301/.m2/repository/org/hibernate/common/hibernate-commons-annotations/6.0.6.Final/hibernate-commons-annotations-6.0.6.Final.jar:/home/liarc301/.m2/repository/io/smallrye/jandex/3.1.2/jandex-3.1.2.jar:/home/liarc301/.m2/repository/com/fasterxml/classmate/1.7.0/classmate-1.7.0.jar:/home/liarc301/.m2/repository/net/bytebuddy/byte-buddy/1.14.12/byte-buddy-1.14.12.jar:/home/liarc301/.m2/repository/org/glassfish/jaxb/jaxb-runtime/4.0.5/jaxb-runtime-4.0.5.jar:/home/liarc301/.m2/repository/org/glassfish/jaxb/jaxb-core/4.0.5/jaxb-core-4.0.5.jar:/home/liarc301/.m2/repository/org/eclipse/angus/angus-activation/2.0.2/angus-activation-2.0.2.jar:/home/liarc301/.m2/repository/org/glassfish/jaxb/txw2/4.0.5/txw2-4.0.5.jar:/home/liarc301/.m2/repository/com/sun/istack/istack-commons-runtime/4.1.2/istack-commons-runtime-4.1.2.jar:/home/liarc301/.m2/repository/jakarta/inject/jakarta.inject-api/2.0.1/jakarta.inject-api-2.0.1.jar:/home/liarc301/.m2/repository/org/antlr/antlr4-runtime/4.13.0/antlr4-runtime-4.13.0.jar:/home/liarc301/.m2/repository/org/springframework/data/spring-data-jpa/3.3.0-M2/spring-data-jpa-3.3.0-M2.jar:/home/liarc301/.m2/repository/org/springframework/data/spring-data-commons/3.3.0-M2/spring-data-commons-3.3.0-M2.jar:/home/liarc301/.m2/repository/org/springframework/spring-orm/6.1.5/spring-orm-6.1.5.jar:/home/liarc301/.m2/repository/org/springframework/spring-context/6.1.5/spring-context-6.1.5.jar:/home/liarc301/.m2/repository/org/springframework/spring-tx/6.1.5/spring-tx-6.1.5.jar:/home/liarc301/.m2/repository/org/springframework/spring-beans/6.1.5/spring-beans-6.1.5.jar:/home/liarc301/.m2/repository/jakarta/annotation/jakarta.annotation-api/2.1.1/jakarta.annotation-api-2.1.1.jar:/home/liarc301/.m2/repository/org/slf4j/slf4j-api/2.0.12/slf4j-api-2.0.12.jar:/home/liarc301/.m2/repository/org/springframework/spring-aspects/6.1.5/spring-aspects-6.1.5.jar:/home/liarc301/.m2/repository/mysql/mysql-connector-java/8.0.30/mysql-connector-java-8.0.30.jar:/home/liarc301/.m2/repository/com/google/protobuf/protobuf-java/3.19.4/protobuf-java-3.19.4.jar:/home/liarc301/.m2/repository/org/springframework/boot/spring-boot-starter-web/3.3.0-SNAPSHOT/spring-boot-starter-web-3.3.0-SNAPSHOT.jar:/home/liarc301/.m2/repository/org/springframework/boot/spring-boot-starter/3.3.0-SNAPSHOT/spring-boot-starter-3.3.0-SNAPSHOT.jar:/home/liarc301/.m2/repository/org/springframework/boot/spring-boot-starter-logging/3.3.0-SNAPSHOT/spring-boot-starter-logging-3.3.0-SNAPSHOT.jar:/home/liarc301/.m2/repository/ch/qos/logback/logback-classic/1.4.14/logback-classic-1.4.14.jar:/home/liarc301/.m2/repository/ch/qos/logback/logback-core/1.4.14/logback-core-1.4.14.jar:/home/liarc301/.m2/repository/org/apache/logging/log4j/log4j-to-slf4j/2.23.1/log4j-to-slf4j-2.23.1.jar:/home/liarc301/.m2/repository/org/apache/logging/log4j/log4j-api/2.23.1/log4j-api-2.23.1.jar:/home/liarc301/.m2/repository/org/slf4j/jul-to-slf4j/2.0.12/jul-to-slf4j-2.0.12.jar:/home/liarc301/.m2/repository/org/yaml/snakeyaml/2.2/snakeyaml-2.2.jar:/home/liarc301/.m2/repository/org/springframework/boot/spring-boot-starter-json/3.3.0-SNAPSHOT/spring-boot-starter-json-3.3.0-SNAPSHOT.jar:/home/liarc301/.m2/repository/com/fasterxml/jackson/core/jackson-databind/2.17.0/jackson-databind-2.17.0.jar:/home/liarc301/.m2/repository/com/fasterxml/jackson/core/jackson-annotations/2.17.0/jackson-annotations-2.17.0.jar:/home/liarc301/.m2/repository/com/fasterxml/jackson/core/jackson-core/2.17.0/jackson-core-2.17.0.jar:/home/liarc301/.m2/repository/com/fasterxml/jackson/datatype/jackson-datatype-jdk8/2.17.0/jackson-datatype-jdk8-2.17.0.jar:/home/liarc301/.m2/repository/com/fasterxml/jackson/datatype/jackson-datatype-jsr310/2.17.0/jackson-datatype-jsr310-2.17.0.jar:/home/liarc301/.m2/repository/com/fasterxml/jackson/module/jackson-module-parameter-names/2.17.0/jackson-module-parameter-names-2.17.0.jar:/home/liarc301/.m2/repository/org/springframework/boot/spring-boot-starter-tomcat/3.3.0-SNAPSHOT/spring-boot-starter-tomcat-3.3.0-SNAPSHOT.jar:/home/liarc301/.m2/repository/org/apache/tomcat/embed/tomcat-embed-core/10.1.19/tomcat-embed-core-10.1.19.jar:/home/liarc301/.m2/repository/org/apache/tomcat/embed/tomcat-embed-el/10.1.19/tomcat-embed-el-10.1.19.jar:/home/liarc301/.m2/repository/org/apache/tomcat/embed/tomcat-embed-websocket/10.1.19/tomcat-embed-websocket-10.1.19.jar:/home/liarc301/.m2/repository/org/springframework/spring-web/6.1.5/spring-web-6.1.5.jar:/home/liarc301/.m2/repository/io/micrometer/micrometer-observation/1.13.0-M2/micrometer-observation-1.13.0-M2.jar:/home/liarc301/.m2/repository/io/micrometer/micrometer-commons/1.13.0-M2/micrometer-commons-1.13.0-M2.jar:/home/liarc301/.m2/repository/org/springframework/spring-webmvc/6.1.5/spring-webmvc-6.1.5.jar:/home/liarc301/.m2/repository/org/springframework/spring-expression/6.1.5/spring-expression-6.1.5.jar:/home/liarc301/.m2/repository/org/springframework/boot/spring-boot-devtools/3.3.0-SNAPSHOT/spring-boot-devtools-3.3.0-SNAPSHOT.jar:/home/liarc301/.m2/repository/org/springframework/boot/spring-boot/3.3.0-SNAPSHOT/spring-boot-3.3.0-SNAPSHOT.jar:/home/liarc301/.m2/repository/org/springframework/boot/spring-boot-autoconfigure/3.3.0-SNAPSHOT/spring-boot-autoconfigure-3.3.0-SNAPSHOT.jar:/home/liarc301/.m2/repository/com/h2database/h2/2.2.224/h2-2.2.224.jar:/home/liarc301/.m2/repository/org/springframework/boot/spring-boot-starter-test/3.3.0-SNAPSHOT/spring-boot-starter-test-3.3.0-SNAPSHOT.jar:/home/liarc301/.m2/repository/org/springframework/boot/spring-boot-test/3.3.0-SNAPSHOT/spring-boot-test-3.3.0-SNAPSHOT.jar:/home/liarc301/.m2/repository/org/springframework/boot/spring-boot-test-autoconfigure/3.3.0-SNAPSHOT/spring-boot-test-autoconfigure-3.3.0-SNAPSHOT.jar:/home/liarc301/.m2/repository/com/jayway/jsonpath/json-path/2.9.0/json-path-2.9.0.jar:/home/liarc301/.m2/repository/jakarta/xml/bind/jakarta.xml.bind-api/4.0.2/jakarta.xml.bind-api-4.0.2.jar:/home/liarc301/.m2/repository/jakarta/activation/jakarta.activation-api/2.1.3/jakarta.activation-api-2.1.3.jar:/home/liarc301/.m2/repository/net/minidev/json-smart/2.5.0/json-smart-2.5.0.jar:/home/liarc301/.m2/repository/net/minidev/accessors-smart/2.5.0/accessors-smart-2.5.0.jar:/home/liarc301/.m2/repository/org/ow2/asm/asm/9.3/asm-9.3.jar:/home/liarc301/.m2/repository/org/assertj/assertj-core/3.25.3/assertj-core-3.25.3.jar:/home/liarc301/.m2/repository/org/awaitility/awaitility/4.2.0/awaitility-4.2.0.jar:/home/liarc301/.m2/repository/org/hamcrest/hamcrest/2.2/hamcrest-2.2.jar:/home/liarc301/.m2/repository/org/junit/jupiter/junit-jupiter/5.10.2/junit-jupiter-5.10.2.jar:/home/liarc301/.m2/repository/org/junit/jupiter/junit-jupiter-api/5.10.2/junit-jupiter-api-5.10.2.jar:/home/liarc301/.m2/repository/org/opentest4j/opentest4j/1.3.0/opentest4j-1.3.0.jar:/home/liarc301/.m2/repository/org/junit/platform/junit-platform-commons/1.10.2/junit-platform-commons-1.10.2.jar:/home/liarc301/.m2/repository/org/apiguardian/apiguardian-api/1.1.2/apiguardian-api-1.1.2.jar:/home/liarc301/.m2/repository/org/junit/jupiter/junit-jupiter-params/5.10.2/junit-jupiter-params-5.10.2.jar:/home/liarc301/.m2/repository/org/junit/jupiter/junit-jupiter-engine/5.10.2/junit-jupiter-engine-5.10.2.jar:/home/liarc301/.m2/repository/org/junit/platform/junit-platform-engine/1.10.2/junit-platform-engine-1.10.2.jar:/home/liarc301/.m2/repository/org/mockito/mockito-core/5.11.0/mockito-core-5.11.0.jar:/home/liarc301/.m2/repository/net/bytebuddy/byte-buddy-agent/1.14.12/byte-buddy-agent-1.14.12.jar:/home/liarc301/.m2/repository/org/objenesis/objenesis/3.3/objenesis-3.3.jar:/home/liarc301/.m2/repository/org/mockito/mockito-junit-jupiter/5.11.0/mockito-junit-jupiter-5.11.0.jar:/home/liarc301/.m2/repository/org/skyscreamer/jsonassert/1.5.1/jsonassert-1.5.1.jar:/home/liarc301/.m2/repository/com/vaadin/external/google/android-json/0.0.20131108.vaadin1/android-json-0.0.20131108.vaadin1.jar:/home/liarc301/.m2/repository/org/springframework/spring-core/6.1.5/spring-core-6.1.5.jar:/home/liarc301/.m2/repository/org/springframework/spring-jcl/6.1.5/spring-jcl-6.1.5.jar:/home/liarc301/.m2/repository/org/springframework/spring-test/6.1.5/spring-test-6.1.5.jar:/home/liarc301/.m2/repository/org/xmlunit/xmlunit-core/2.9.1/xmlunit-core-2.9.1.jar:"/>
    <property name="java.vm.vendor" value="Private Build"/>
    <property name="sun.arch.data.model" value="64"/>
    <property name="java.vendor.url" value="Unknown"/>
    <property name="user.timezone" value="Europe/Lisbon"/>
    <property name="org.jboss.logging.provider" value="slf4j"/>
    <property name="user.country.format" value="PT"/>
    <property name="os.name" value="Linux"/>
    <property name="java.vm.specification.version" value="17"/>
    <property name="sun.java.launcher" value="SUN_STANDARD"/>
    <property name="user.country" value="US"/>
    <property name="sun.boot.library.path" value="/usr/lib/jvm/java-17-openjdk-amd64/lib"/>
    <property name="sun.java.command" value="/home/liarc301/Desktop/TQS/TQS_107548/lab6/lab6_2/target/surefire/surefirebooter-20240321143528290_3.jar /home/liarc301/Desktop/TQS/TQS_107548/lab6/lab6_2/target/surefire 2024-03-21T14-35-28_225-jvmRun1 surefire-20240321143528290_1tmp surefire_0-20240321143528290_2tmp"/>
    <property name="jdk.debug" value="release"/>
    <property name="surefire.test.class.path" value="/home/liarc301/Desktop/TQS/TQS_107548/lab6/lab6_2/target/test-classes:/home/liarc301/Desktop/TQS/TQS_107548/lab6/lab6_2/target/classes:/home/liarc301/.m2/repository/org/springframework/boot/spring-boot-starter-data-jpa/3.3.0-SNAPSHOT/spring-boot-starter-data-jpa-3.3.0-SNAPSHOT.jar:/home/liarc301/.m2/repository/org/springframework/boot/spring-boot-starter-aop/3.3.0-SNAPSHOT/spring-boot-starter-aop-3.3.0-SNAPSHOT.jar:/home/liarc301/.m2/repository/org/springframework/spring-aop/6.1.5/spring-aop-6.1.5.jar:/home/liarc301/.m2/repository/org/aspectj/aspectjweaver/1.9.21/aspectjweaver-1.9.21.jar:/home/liarc301/.m2/repository/org/springframework/boot/spring-boot-starter-jdbc/3.3.0-SNAPSHOT/spring-boot-starter-jdbc-3.3.0-SNAPSHOT.jar:/home/liarc301/.m2/repository/com/zaxxer/HikariCP/5.1.0/HikariCP-5.1.0.jar:/home/liarc301/.m2/repository/org/springframework/spring-jdbc/6.1.5/spring-jdbc-6.1.5.jar:/home/liarc301/.m2/repository/org/hibernate/orm/hibernate-core/6.4.4.Final/hibernate-core-6.4.4.Final.jar:/home/liarc301/.m2/repository/jakarta/persistence/jakarta.persistence-api/3.1.0/jakarta.persistence-api-3.1.0.jar:/home/liarc301/.m2/repository/jakarta/transaction/jakarta.transaction-api/2.0.1/jakarta.transaction-api-2.0.1.jar:/home/liarc301/.m2/repository/org/jboss/logging/jboss-logging/3.5.3.Final/jboss-logging-3.5.3.Final.jar:/home/liarc301/.m2/repository/org/hibernate/common/hibernate-commons-annotations/6.0.6.Final/hibernate-commons-annotations-6.0.6.Final.jar:/home/liarc301/.m2/repository/io/smallrye/jandex/3.1.2/jandex-3.1.2.jar:/home/liarc301/.m2/repository/com/fasterxml/classmate/1.7.0/classmate-1.7.0.jar:/home/liarc301/.m2/repository/net/bytebuddy/byte-buddy/1.14.12/byte-buddy-1.14.12.jar:/home/liarc301/.m2/repository/org/glassfish/jaxb/jaxb-runtime/4.0.5/jaxb-runtime-4.0.5.jar:/home/liarc301/.m2/repository/org/glassfish/jaxb/jaxb-core/4.0.5/jaxb-core-4.0.5.jar:/home/liarc301/.m2/repository/org/eclipse/angus/angus-activation/2.0.2/angus-activation-2.0.2.jar:/home/liarc301/.m2/repository/org/glassfish/jaxb/txw2/4.0.5/txw2-4.0.5.jar:/home/liarc301/.m2/repository/com/sun/istack/istack-commons-runtime/4.1.2/istack-commons-runtime-4.1.2.jar:/home/liarc301/.m2/repository/jakarta/inject/jakarta.inject-api/2.0.1/jakarta.inject-api-2.0.1.jar:/home/liarc301/.m2/repository/org/antlr/antlr4-runtime/4.13.0/antlr4-runtime-4.13.0.jar:/home/liarc301/.m2/repository/org/springframework/data/spring-data-jpa/3.3.0-M2/spring-data-jpa-3.3.0-M2.jar:/home/liarc301/.m2/repository/org/springframework/data/spring-data-commons/3.3.0-M2/spring-data-commons-3.3.0-M2.jar:/home/liarc301/.m2/repository/org/springframework/spring-orm/6.1.5/spring-orm-6.1.5.jar:/home/liarc301/.m2/repository/org/springframework/spring-context/6.1.5/spring-context-6.1.5.jar:/home/liarc301/.m2/repository/org/springframework/spring-tx/6.1.5/spring-tx-6.1.5.jar:/home/liarc301/.m2/repository/org/springframework/spring-beans/6.1.5/spring-beans-6.1.5.jar:/home/liarc301/.m2/repository/jakarta/annotation/jakarta.annotation-api/2.1.1/jakarta.annotation-api-2.1.1.jar:/home/liarc301/.m2/repository/org/slf4j/slf4j-api/2.0.12/slf4j-api-2.0.12.jar:/home/liarc301/.m2/repository/org/springframework/spring-aspects/6.1.5/spring-aspects-6.1.5.jar:/home/liarc301/.m2/repository/mysql/mysql-connector-java/8.0.30/mysql-connector-java-8.0.30.jar:/home/liarc301/.m2/repository/com/google/protobuf/protobuf-java/3.19.4/protobuf-java-3.19.4.jar:/home/liarc301/.m2/repository/org/springframework/boot/spring-boot-starter-web/3.3.0-SNAPSHOT/spring-boot-starter-web-3.3.0-SNAPSHOT.jar:/home/liarc301/.m2/repository/org/springframework/boot/spring-boot-starter/3.3.0-SNAPSHOT/spring-boot-starter-3.3.0-SNAPSHOT.jar:/home/liarc301/.m2/repository/org/springframework/boot/spring-boot-starter-logging/3.3.0-SNAPSHOT/spring-boot-starter-logging-3.3.0-SNAPSHOT.jar:/home/liarc301/.m2/repository/ch/qos/logback/logback-classic/1.4.14/logback-classic-1.4.14.jar:/home/liarc301/.m2/repository/ch/qos/logback/logback-core/1.4.14/logback-core-1.4.14.jar:/home/liarc301/.m2/repository/org/apache/logging/log4j/log4j-to-slf4j/2.23.1/log4j-to-slf4j-2.23.1.jar:/home/liarc301/.m2/repository/org/apache/logging/log4j/log4j-api/2.23.1/log4j-api-2.23.1.jar:/home/liarc301/.m2/repository/org/slf4j/jul-to-slf4j/2.0.12/jul-to-slf4j-2.0.12.jar:/home/liarc301/.m2/repository/org/yaml/snakeyaml/2.2/snakeyaml-2.2.jar:/home/liarc301/.m2/repository/org/springframework/boot/spring-boot-starter-json/3.3.0-SNAPSHOT/spring-boot-starter-json-3.3.0-SNAPSHOT.jar:/home/liarc301/.m2/repository/com/fasterxml/jackson/core/jackson-databind/2.17.0/jackson-databind-2.17.0.jar:/home/liarc301/.m2/repository/com/fasterxml/jackson/core/jackson-annotations/2.17.0/jackson-annotations-2.17.0.jar:/home/liarc301/.m2/repository/com/fasterxml/jackson/core/jackson-core/2.17.0/jackson-core-2.17.0.jar:/home/liarc301/.m2/repository/com/fasterxml/jackson/datatype/jackson-datatype-jdk8/2.17.0/jackson-datatype-jdk8-2.17.0.jar:/home/liarc301/.m2/repository/com/fasterxml/jackson/datatype/jackson-datatype-jsr310/2.17.0/jackson-datatype-jsr310-2.17.0.jar:/home/liarc301/.m2/repository/com/fasterxml/jackson/module/jackson-module-parameter-names/2.17.0/jackson-module-parameter-names-2.17.0.jar:/home/liarc301/.m2/repository/org/springframework/boot/spring-boot-starter-tomcat/3.3.0-SNAPSHOT/spring-boot-starter-tomcat-3.3.0-SNAPSHOT.jar:/home/liarc301/.m2/repository/org/apache/tomcat/embed/tomcat-embed-core/10.1.19/tomcat-embed-core-10.1.19.jar:/home/liarc301/.m2/repository/org/apache/tomcat/embed/tomcat-embed-el/10.1.19/tomcat-embed-el-10.1.19.jar:/home/liarc301/.m2/repository/org/apache/tomcat/embed/tomcat-embed-websocket/10.1.19/tomcat-embed-websocket-10.1.19.jar:/home/liarc301/.m2/repository/org/springframework/spring-web/6.1.5/spring-web-6.1.5.jar:/home/liarc301/.m2/repository/io/micrometer/micrometer-observation/1.13.0-M2/micrometer-observation-1.13.0-M2.jar:/home/liarc301/.m2/repository/io/micrometer/micrometer-commons/1.13.0-M2/micrometer-commons-1.13.0-M2.jar:/home/liarc301/.m2/repository/org/springframework/spring-webmvc/6.1.5/spring-webmvc-6.1.5.jar:/home/liarc301/.m2/repository/org/springframework/spring-expression/6.1.5/spring-expression-6.1.5.jar:/home/liarc301/.m2/repository/org/springframework/boot/spring-boot-devtools/3.3.0-SNAPSHOT/spring-boot-devtools-3.3.0-SNAPSHOT.jar:/home/liarc301/.m2/repository/org/springframework/boot/spring-boot/3.3.0-SNAPSHOT/spring-boot-3.3.0-SNAPSHOT.jar:/home/liarc301/.m2/repository/org/springframework/boot/spring-boot-autoconfigure/3.3.0-SNAPSHOT/spring-boot-autoconfigure-3.3.0-SNAPSHOT.jar:/home/liarc301/.m2/repository/com/h2database/h2/2.2.224/h2-2.2.224.jar:/home/liarc301/.m2/repository/org/springframework/boot/spring-boot-starter-test/3.3.0-SNAPSHOT/spring-boot-starter-test-3.3.0-SNAPSHOT.jar:/home/liarc301/.m2/repository/org/springframework/boot/spring-boot-test/3.3.0-SNAPSHOT/spring-boot-test-3.3.0-SNAPSHOT.jar:/home/liarc301/.m2/repository/org/springframework/boot/spring-boot-test-autoconfigure/3.3.0-SNAPSHOT/spring-boot-test-autoconfigure-3.3.0-SNAPSHOT.jar:/home/liarc301/.m2/repository/com/jayway/jsonpath/json-path/2.9.0/json-path-2.9.0.jar:/home/liarc301/.m2/repository/jakarta/xml/bind/jakarta.xml.bind-api/4.0.2/jakarta.xml.bind-api-4.0.2.jar:/home/liarc301/.m2/repository/jakarta/activation/jakarta.activation-api/2.1.3/jakarta.activation-api-2.1.3.jar:/home/liarc301/.m2/repository/net/minidev/json-smart/2.5.0/json-smart-2.5.0.jar:/home/liarc301/.m2/repository/net/minidev/accessors-smart/2.5.0/accessors-smart-2.5.0.jar:/home/liarc301/.m2/repository/org/ow2/asm/asm/9.3/asm-9.3.jar:/home/liarc301/.m2/repository/org/assertj/assertj-core/3.25.3/assertj-core-3.25.3.jar:/home/liarc301/.m2/repository/org/awaitility/awaitility/4.2.0/awaitility-4.2.0.jar:/home/liarc301/.m2/repository/org/hamcrest/hamcrest/2.2/hamcrest-2.2.jar:/home/liarc301/.m2/repository/org/junit/jupiter/junit-jupiter/5.10.2/junit-jupiter-5.10.2.jar:/home/liarc301/.m2/repository/org/junit/jupiter/junit-jupiter-api/5.10.2/junit-jupiter-api-5.10.2.jar:/home/liarc301/.m2/repository/org/opentest4j/opentest4j/1.3.0/opentest4j-1.3.0.jar:/home/liarc301/.m2/repository/org/junit/platform/junit-platform-commons/1.10.2/junit-platform-commons-1.10.2.jar:/home/liarc301/.m2/repository/org/apiguardian/apiguardian-api/1.1.2/apiguardian-api-1.1.2.jar:/home/liarc301/.m2/repository/org/junit/jupiter/junit-jupiter-params/5.10.2/junit-jupiter-params-5.10.2.jar:/home/liarc301/.m2/repository/org/junit/jupiter/junit-jupiter-engine/5.10.2/junit-jupiter-engine-5.10.2.jar:/home/liarc301/.m2/repository/org/junit/platform/junit-platform-engine/1.10.2/junit-platform-engine-1.10.2.jar:/home/liarc301/.m2/repository/org/mockito/mockito-core/5.11.0/mockito-core-5.11.0.jar:/home/liarc301/.m2/repository/net/bytebuddy/byte-buddy-agent/1.14.12/byte-buddy-agent-1.14.12.jar:/home/liarc301/.m2/repository/org/objenesis/objenesis/3.3/objenesis-3.3.jar:/home/liarc301/.m2/repository/org/mockito/mockito-junit-jupiter/5.11.0/mockito-junit-jupiter-5.11.0.jar:/home/liarc301/.m2/repository/org/skyscreamer/jsonassert/1.5.1/jsonassert-1.5.1.jar:/home/liarc301/.m2/repository/com/vaadin/external/google/android-json/0.0.20131108.vaadin1/android-json-0.0.20131108.vaadin1.jar:/home/liarc301/.m2/repository/org/springframework/spring-core/6.1.5/spring-core-6.1.5.jar:/home/liarc301/.m2/repository/org/springframework/spring-jcl/6.1.5/spring-jcl-6.1.5.jar:/home/liarc301/.m2/repository/org/springframework/spring-test/6.1.5/spring-test-6.1.5.jar:/home/liarc301/.m2/repository/org/xmlunit/xmlunit-core/2.9.1/xmlunit-core-2.9.1.jar:"/>
    <property name="sun.cpu.endian" value="little"/>
    <property name="user.home" value="/home/liarc301"/>
    <property name="user.language" value="en"/>
    <property name="java.specification.vendor" value="Oracle Corporation"/>
    <property name="java.version.date" value="2024-01-16"/>
    <property name="java.home" value="/usr/lib/jvm/java-17-openjdk-amd64"/>
    <property name="file.separator" value="/"/>
    <property name="basedir" value="/home/liarc301/Desktop/TQS/TQS_107548/lab6/lab6_2"/>
    <property name="java.vm.compressedOopsMode" value="Zero based"/>
    <property name="line.separator" value="&#10;"/>
    <property name="java.specification.name" value="Java Platform API Specification"/>
    <property name="java.vm.specification.vendor" value="Oracle Corporation"/>
    <property name="FILE_LOG_CHARSET" value="UTF-8"/>
    <property name="java.awt.headless" value="true"/>
    <property name="surefire.real.class.path" value="/home/liarc301/Desktop/TQS/TQS_107548/lab6/lab6_2/target/surefire/surefirebooter-20240321143528290_3.jar"/>
    <property name="sun.management.compiler" value="HotSpot 64-Bit Tiered Compilers"/>
    <property name="java.runtime.version" value="17.0.10+7-Ubuntu-120.04.1"/>
    <property name="user.name" value="liarc301"/>
    <property name="path.separator" value=":"/>
    <property name="os.version" value="5.15.0-100-generic"/>
    <property name="java.runtime.name" value="OpenJDK Runtime Environment"/>
    <property name="file.encoding" value="UTF-8"/>
    <property name="java.vm.name" value="OpenJDK 64-Bit Server VM"/>
    <property name="localRepository" value="/home/liarc301/.m2/repository"/>
    <property name="java.vendor.url.bug" value="Unknown"/>
    <property name="java.io.tmpdir" value="/tmp"/>
    <property name="java.version" value="17.0.10"/>
    <property name="user.dir" value="/home/liarc301/Desktop/TQS/TQS_107548/lab6/lab6_2"/>
    <property name="os.arch" value="amd64"/>
    <property name="java.vm.specification.name" value="Java Virtual Machine Specification"/>
    <property name="PID" value="194231"/>
    <property name="user.language.format" value="pt"/>
    <property name="CONSOLE_LOG_CHARSET" value="UTF-8"/>
    <property name="native.encoding" value="UTF-8"/>
    <property name="java.library.path" value="/usr/java/packages/lib:/usr/lib/x86_64-linux-gnu/jni:/lib/x86_64-linux-gnu:/usr/lib/x86_64-linux-gnu:/usr/lib/jni:/lib:/usr/lib"/>
    <property name="java.vm.info" value="mixed mode, sharing"/>
    <property name="java.vendor" value="Private Build"/>
    <property name="java.vm.version" value="17.0.10+7-Ubuntu-120.04.1"/>
    <property name="sun.io.unicode.encoding" value="UnicodeLittle"/>
    <property name="java.class.version" value="61.0"/>
  </properties>
  <testcase name="whenFindByIdCar1_thenReturnCar1" classname="ua.deti.tqs.lab3_2.CarRepositoryTest" time="0.285">
    <system-out><![CDATA[14:35:31.052 [main] INFO org.springframework.test.context.support.AnnotationConfigContextLoaderUtils -- Could not detect default configuration classes for test class [ua.deti.tqs.lab3_2.CarRepositoryTest]: CarRepositoryTest does not declare any static, non-private, non-final, nested classes annotated with @Configuration.
14:35:31.263 [main] INFO org.springframework.boot.test.context.SpringBootTestContextBootstrapper -- Found @SpringBootConfiguration ua.deti.tqs.lab3_2.Lab32Application for test class ua.deti.tqs.lab3_2.CarRepositoryTest
14:35:31.377 [main] INFO org.springframework.boot.devtools.restart.RestartApplicationListener -- Restart disabled due to context in which it is running
  .   ____          _            __ _ _
 /\\ / ___'_ __ _ _(_)_ __  __ _ \ \ \ \
( ( )\___ | '_ | '_| | '_ \/ _` | \ \ \ \
 \\/  ___)| |_)| | | | | || (_| |  ) ) ) )
  '  |____| .__|_| |_|_| |_\__, | / / / /
 =========|_|==============|___/=/_/_/_/

 :: Spring Boot ::       (v3.3.0-SNAPSHOT)

2024-03-21T14:35:31.915Z  INFO 194231 --- [           main] ua.deti.tqs.lab3_2.CarRepositoryTest     : Starting CarRepositoryTest using Java 17.0.10 with PID 194231 (started by liarc301 in /home/liarc301/Desktop/TQS/TQS_107548/lab6/lab6_2)
2024-03-21T14:35:31.917Z  INFO 194231 --- [           main] ua.deti.tqs.lab3_2.CarRepositoryTest     : No active profile set, falling back to 1 default profile: "default"
2024-03-21T14:35:32.440Z  INFO 194231 --- [           main] .s.d.r.c.RepositoryConfigurationDelegate : Bootstrapping Spring Data JPA repositories in DEFAULT mode.
2024-03-21T14:35:32.503Z  INFO 194231 --- [           main] .s.d.r.c.RepositoryConfigurationDelegate : Finished Spring Data repository scanning in 51 ms. Found 1 JPA repository interface.
2024-03-21T14:35:32.564Z  INFO 194231 --- [           main] beddedDataSourceBeanFactoryPostProcessor : Replacing 'dataSource' DataSource bean with embedded version
2024-03-21T14:35:32.802Z  INFO 194231 --- [           main] o.s.j.d.e.EmbeddedDatabaseFactory        : Starting embedded database: url='jdbc:h2:mem:366f786d-283a-482b-b4a3-eaa2800645c2;DB_CLOSE_DELAY=-1;DB_CLOSE_ON_EXIT=false', username='sa'
2024-03-21T14:35:33.309Z  INFO 194231 --- [           main] o.hibernate.jpa.internal.util.LogHelper  : HHH000204: Processing PersistenceUnitInfo [name: default]
2024-03-21T14:35:33.388Z  INFO 194231 --- [           main] org.hibernate.Version                    : HHH000412: Hibernate ORM core version 6.4.4.Final
2024-03-21T14:35:33.449Z  INFO 194231 --- [           main] o.h.c.internal.RegionFactoryInitiator    : HHH000026: Second-level cache disabled
2024-03-21T14:35:33.658Z  INFO 194231 --- [           main] o.s.o.j.p.SpringPersistenceUnitInfo      : No LoadTimeWeaver setup: ignoring JPA class transformer
2024-03-21T14:35:34.773Z  INFO 194231 --- [           main] o.h.e.t.j.p.i.JtaPlatformInitiator       : HHH000489: No JTA platform available (set 'hibernate.transaction.jta.platform' to enable JTA platform integration)
Hibernate: drop table if exists tqs_car cascade 
Hibernate: drop sequence if exists tqs_car_seq
Hibernate: create sequence tqs_car_seq start with 1 increment by 50
Hibernate: create table tqs_car (id bigint not null, maker varchar(255), model varchar(255), primary key (id))
2024-03-21T14:35:34.817Z  INFO 194231 --- [           main] j.LocalContainerEntityManagerFactoryBean : Initialized JPA EntityManagerFactory for persistence unit 'default'
2024-03-21T14:35:35.271Z  INFO 194231 --- [           main] ua.deti.tqs.lab3_2.CarRepositoryTest     : Started CarRepositoryTest in 3.916 seconds (process running for 6.934)
Hibernate: select next value for tqs_car_seq
Hibernate: insert into tqs_car (maker,model,id) values (?,?,?)
Hibernate: select c1_0.id,c1_0.maker,c1_0.model from tqs_car c1_0 where c1_0.id=?
]]></system-out>
  </testcase>
  <testcase name="givenSetOfCars_whenFindAll_thenReturnAllCars" classname="ua.deti.tqs.lab3_2.CarRepositoryTest" time="0.025">
    <system-out><![CDATA[Hibernate: select next value for tqs_car_seq
Hibernate: insert into tqs_car (maker,model,id) values (?,?,?)
Hibernate: insert into tqs_car (maker,model,id) values (?,?,?)
Hibernate: insert into tqs_car (maker,model,id) values (?,?,?)
Hibernate: select c1_0.id,c1_0.maker,c1_0.model from tqs_car c1_0
]]></system-out>
  </testcase>
  <testcase name="whenInvalidCarId_thenReturnNull" classname="ua.deti.tqs.lab3_2.CarRepositoryTest" time="0.014">
    <system-out><![CDATA[Hibernate: select c1_0.id,c1_0.maker,c1_0.model from tqs_car c1_0 where c1_0.id is null
]]></system-out>
  </testcase>
</testsuite>